<?xml version="1.0" encoding="UTF-8"?>
<!-- Generated by org.testng.reporters.JUnitReportReporter -->
<testsuite skipped="0" hostname="DESKTOP-N60QB27" name="testngLearning.TestCase1" tests="2" failures="0" timestamp="2022-11-29T23:16:52 IST" time="0.008" errors="0">
  <testcase name="doUserReg" time="0.004" classname="testngLearning.TestCase1"/>
  <testcase name="doLogin" time="0.004" classname="testngLearning.TestCase1"/>
</testsuite> <!-- testngLearning.TestCase1 -->
